<?xml version="1.0" encoding="UTF-8"?>
<testsuite name="Surefire test"
           tests="12"
           failures="1"
           errors="0"
           skipped="0"
           time="539.650">
  <properties />
            <testcase name="uploadWaitWifi" time="31.369" classname="com.eisoo.anysharetest.UploadTest">
                <failure type="java.lang.AssertionError"
                  message="不存在等待Wi-Fi标记 expected [true] but found [false]"
              >
<![CDATA[java.lang.AssertionError: 不存在等待Wi-Fi标记 expected [true] but found [false]
  org.testng.Assert.fail(Assert.java:94)
  org.testng.Assert.failNotEquals(Assert.java:513)
  org.testng.Assert.assertTrue(Assert.java:42)
  com.eisoo.anysharetest.UploadTest.uploadWaitWifi(UploadTest.java:107)
  sun.reflect.NativeMethodAccessorImpl.invoke0(Native Method)
  sun.reflect.NativeMethodAccessorImpl.invoke(NativeMethodAccessorImpl.java:62)
  sun.reflect.DelegatingMethodAccessorImpl.invoke(DelegatingMethodAccessorImpl.java:43)
  java.lang.reflect.Method.invoke(Method.java:497)
  org.testng.internal.MethodInvocationHelper.invokeMethod(MethodInvocationHelper.java:86)
  org.testng.internal.Invoker.invokeMethod(Invoker.java:643)
  org.testng.internal.Invoker.invokeTestMethod(Invoker.java:820)
  org.testng.internal.Invoker.invokeTestMethods(Invoker.java:1128)
  org.testng.internal.TestMethodWorker.invokeTestMethods(TestMethodWorker.java:129)
  org.testng.internal.TestMethodWorker.run(TestMethodWorker.java:112)
  org.testng.TestRunner.privateRun(TestRunner.java:782)
  org.testng.TestRunner.run(TestRunner.java:632)
  org.testng.SuiteRunner.runTest(SuiteRunner.java:366)
  org.testng.SuiteRunner.runSequentially(SuiteRunner.java:361)
  org.testng.SuiteRunner.privateRun(SuiteRunner.java:319)
  org.testng.SuiteRunner.run(SuiteRunner.java:268)
  org.testng.SuiteRunnerWorker.runSuite(SuiteRunnerWorker.java:52)
  org.testng.SuiteRunnerWorker.run(SuiteRunnerWorker.java:86)
  org.testng.TestNG.runSuitesSequentially(TestNG.java:1244)
  org.testng.TestNG.runSuitesLocally(TestNG.java:1169)
  org.testng.TestNG.run(TestNG.java:1064)
  org.apache.maven.surefire.testng.TestNGExecutor.run(TestNGExecutor.java:132)
  org.apache.maven.surefire.testng.TestNGDirectoryTestSuite.executeMulti(TestNGDirectoryTestSuite.java:193)
  org.apache.maven.surefire.testng.TestNGDirectoryTestSuite.execute(TestNGDirectoryTestSuite.java:94)
  org.apache.maven.surefire.testng.TestNGProvider.invoke(TestNGProvider.java:147)
  org.apache.maven.surefire.booter.ForkedBooter.invokeProviderInSameClassLoader(ForkedBooter.java:290)
  org.apache.maven.surefire.booter.ForkedBooter.runSuitesInProcess(ForkedBooter.java:242)
  org.apache.maven.surefire.booter.ForkedBooter.main(ForkedBooter.java:121)
]]>
      </failure>

          </testcase>
  
  
            <testcase name="uploadAudio" time="54.422" classname="com.eisoo.anysharetest.UploadTest" />
                <testcase name="uploadPauseVideo" time="47.033" classname="com.eisoo.anysharetest.UploadTest" />
                <testcase name="uploadNoPermission" time="30.950" classname="com.eisoo.anysharetest.UploadTest" />
                <testcase name="uploadAllVideo" time="32.252" classname="com.eisoo.anysharetest.UploadTest" />
                <testcase name="uploadVideo" time="48.109" classname="com.eisoo.anysharetest.UploadTest" />
                <testcase name="uploadFile" time="34.224" classname="com.eisoo.anysharetest.UploadTest" />
                <testcase name="uploadNoWifi" time="64.690" classname="com.eisoo.anysharetest.UploadTest" />
                <testcase name="uploadContinueVideo" time="52.543" classname="com.eisoo.anysharetest.UploadTest" />
                <testcase name="uploadTakePhoto" time="57.536" classname="com.eisoo.anysharetest.UploadTest" />
                <testcase name="uploadMulVideo" time="38.184" classname="com.eisoo.anysharetest.UploadTest" />
                <testcase name="uploadPics" time="48.338" classname="com.eisoo.anysharetest.UploadTest" />
      
</testsuite>
